/*C2*/SET SCHEMA PUBLIC
DELETE FROM "mendixsystem$version" WHERE "versionnumber"='4.2'
INSERT INTO "mendixsystem$version" VALUES('4.2','2024-08-06 23:06:48.722000','4.1.0','unversioned','Al Bawani BDT','9.24.22.36298')
COMMIT
DELETE FROM "mendixsystem$entityidentifier" WHERE "id"='d4154981-8dac-4150-aec5-efa3ef62a7a2'
INSERT INTO "mendixsystem$entityidentifier" VALUES('d4154981-8dac-4150-aec5-efa3ef62a7a2',5,7901)
COMMIT
INSERT INTO "system$xasinstance" VALUES(1407374884551905,'24d450b1-fed4-4e62-b8b7-4445e680101d','2024-08-06 20:09:52.115000',NULL,NULL,NULL,'2024-08-06 20:09:52.099000')
COMMIT
DELETE FROM "system$userrole" WHERE "id"=5066549580792055
INSERT INTO "system$userrole" VALUES(5066549580792055,'8dd52bfa-6d7e-453b-b506-303c0a3d9567','Administrator','')
DELETE FROM "system$userrole" WHERE "id"=5066549580792098
INSERT INTO "system$userrole" VALUES(5066549580792098,'53f5d6fa-6da9-4a71-b011-454ec052cce8','User','')
COMMIT
DELETE FROM "mendixsystem$entityidentifier" WHERE "id"='c921ccbb-a670-48d9-833d-6a76c1406917'
INSERT INTO "mendixsystem$entityidentifier" VALUES('c921ccbb-a670-48d9-833d-6a76c1406917',19,101)
COMMIT
INSERT INTO "system$user" VALUES(5348024557502717,'demo_administrator','{BCrypt}$2a$10$LHR/rObEHjoUq2mb7ltR9uUkEMCdDUlUUwyKJO2oNPpPSmfFpERe6',NULL,FALSE,NULL,TRUE,0,FALSE,FALSE,'2024-08-06 20:09:52.982000','2024-08-06 20:09:52.982000','Administration.Account',NULL,5348024557502717)
INSERT INTO "system$userroles" VALUES(5348024557502717,5066549580792055)
INSERT INTO "administration$account" VALUES(5348024557502717,NULL,NULL,TRUE)
COMMIT
INSERT INTO "system$user" VALUES(5348024557502805,'demo_user','{BCrypt}$2a$10$7lw7hllvtV52obFaqMMPlONG7Rh9v5yrKmjmwQyDoWFRfJLRw.rtK',NULL,FALSE,NULL,TRUE,0,FALSE,FALSE,'2024-08-06 20:09:53.259000','2024-08-06 20:09:53.259000','Administration.Account',NULL,5348024557502805)
INSERT INTO "system$userroles" VALUES(5348024557502805,5066549580792098)
INSERT INTO "administration$account" VALUES(5348024557502805,NULL,NULL,TRUE)
COMMIT
DELETE FROM "mendixsystem$properties" WHERE "key"='Mendix.Runtime.DeploymentID'
INSERT INTO "mendixsystem$properties" VALUES('Mendix.Runtime.DeploymentID','638585825561340071')
COMMIT
DELETE FROM "system$session" WHERE "id"=11540474046097094
DELETE FROM "system$session_user" WHERE "system$sessionid"=11540474046097094 AND "system$userid"=844424931092144
COMMIT
/*C3*/SET SCHEMA PUBLIC
DELETE FROM "system$user" WHERE "id"=844424931092144
DELETE FROM "system$userroles" WHERE "system$userid"=844424931092144 AND "system$userroleid"=5066549580792055
DELETE FROM "system$user_language" WHERE "system$userid"=844424931092144 AND "system$languageid"=12947848928690310
COMMIT
DELETE FROM "mendixsystem$entityidentifier" WHERE "id"='c6c131c8-8779-4213-9b26-a64e141f26a8'
INSERT INTO "mendixsystem$entityidentifier" VALUES('c6c131c8-8779-4213-9b26-a64e141f26a8',28,12326)
COMMIT
ALTER SEQUENCE PUBLIC."system$queuedtask_sequence_mxseq" RESTART WITH 6523
INSERT INTO "system$queuedtask" VALUES(7881299349463403,6522,'Idle','59651013-f9bc-4fc1-b435-276439b07899','System.ScheduledEventsQueue','System',NULL,NULL,'ClusterManagement-PopulateFileDocumentSizes','[]',NULL,NULL,'2024-08-06 20:09:54.040000','2024-08-06 20:09:59.001000',NULL,0,'{"interval":3600000,"triesLeft":12,"type":"fixed"}',NULL,NULL)
COMMIT
DELETE FROM "system$queuedtask" WHERE "id"=7881299349451032
INSERT INTO "system$queuedtask" VALUES(7881299349451032,6518,'Idle','59651013-f9bc-4fc1-b435-276439b07899','System.ScheduledEventsQueue','ScheduledEvent',NULL,NULL,'ClusterManagement-CleanupTmpDocuments','[]',NULL,NULL,'2024-08-06 20:06:56.284000','2024-08-06 20:09:55.095000',NULL,0,NULL,'ClusterManagement-CleanupTmpDocuments',NULL)
DELETE FROM "system$queuedtask" WHERE "id"=7881299349450659
INSERT INTO "system$queuedtask" VALUES(7881299349450659,6515,'Idle','59651013-f9bc-4fc1-b435-276439b07899','System.ScheduledEventsQueue','ScheduledEvent',NULL,NULL,'ClusterManagement-CleanupOfflineGUIDs','[]',NULL,NULL,'2024-08-06 20:06:56.255000','2024-08-06 20:09:55.096000',NULL,0,NULL,'ClusterManagement-CleanupOfflineGUIDs',NULL)
DELETE FROM "system$queuedtask" WHERE "id"=7881299349451000
INSERT INTO "system$queuedtask" VALUES(7881299349451000,6516,'Idle','59651013-f9bc-4fc1-b435-276439b07899','System.ScheduledEventsQueue','ScheduledEvent',NULL,NULL,'ClusterManagement-CleanupBackgroundJobs','[]',NULL,NULL,'2024-08-06 20:06:56.272000','2024-08-06 20:09:55.091000',NULL,0,NULL,'ClusterManagement-CleanupBackgroundJobs',NULL)
DELETE FROM "system$queuedtask" WHERE "id"=7881299349451145
INSERT INTO "system$queuedtask" VALUES(7881299349451145,6519,'Idle','59651013-f9bc-4fc1-b435-276439b07899','System.ScheduledEventsQueue','ScheduledEvent',NULL,NULL,'ClusterManagement-CleanupSessions','[]',NULL,NULL,'2024-08-06 20:06:56.848000','2024-08-06 20:09:55.095000',NULL,0,NULL,'ClusterManagement-CleanupSessions',NULL)
DELETE FROM "system$queuedtask" WHERE "id"=7881299349451323
INSERT INTO "system$queuedtask" VALUES(7881299349451323,6520,'Idle','59651013-f9bc-4fc1-b435-276439b07899','System.ScheduledEventsQueue','ScheduledEvent',NULL,NULL,'ClusterManagement-UnblockUsers','[]',NULL,NULL,'2024-08-06 20:06:58.658000','2024-08-06 20:09:59.096000',NULL,0,NULL,'ClusterManagement-UnblockUsers',NULL)
DELETE FROM "system$queuedtask" WHERE "id"=7881299349450872
INSERT INTO "system$queuedtask" VALUES(7881299349450872,6517,'Idle','59651013-f9bc-4fc1-b435-276439b07899','System.ScheduledEventsQueue','ScheduledEvent',NULL,NULL,'ClusterManagement-CleanupOfflineSyncHistory','[]',NULL,NULL,'2024-08-06 20:06:56.284000','2024-08-06 20:09:55.095000',NULL,0,NULL,'ClusterManagement-CleanupOfflineSyncHistory',NULL)
DELETE FROM "system$queuedtask" WHERE "id"=7881299349451507
INSERT INTO "system$queuedtask" VALUES(7881299349451507,6521,'Idle','59651013-f9bc-4fc1-b435-276439b07899','System.ScheduledEventsQueue','ScheduledEvent',NULL,NULL,'ClusterManagement-MigrateOldFiles','[]',NULL,NULL,'2024-08-06 20:08:34.845000','2024-08-06 20:11:35.096000',NULL,0,NULL,'ClusterManagement-MigrateOldFiles',NULL)
DELETE FROM "system$queuedtask" WHERE "id"=7881299349438279
INSERT INTO "system$queuedtask" VALUES(7881299349438279,6506,'Idle','59651013-f9bc-4fc1-b435-276439b07899','System.ScheduledEventsQueue','ScheduledEvent',NULL,NULL,'ClusterManagement-CleanupOrphanedFiles','[]',NULL,NULL,'2024-08-06 13:43:26.247000','2024-08-06 20:13:15.095000',NULL,0,NULL,'ClusterManagement-CleanupOrphanedFiles',NULL)
COMMIT
/*C4*/SET SCHEMA PUBLIC
DELETE FROM "mendixsystem$entityidentifier" WHERE "id"='282e2e60-88a5-469d-84a5-ba8d9151644f'
INSERT INTO "mendixsystem$entityidentifier" VALUES('282e2e60-88a5-469d-84a5-ba8d9151644f',3,7701)
COMMIT
INSERT INTO "system$user" VALUES(844424931104974,'MxAdmin','{BCrypt}$2a$10$QXjF4cHpLr3BI15OW/TmI.yj/7k6Fg.9DXmCGfFCmpo/S16J6tV.O',NULL,FALSE,NULL,TRUE,0,FALSE,FALSE,'2024-08-06 20:09:54.579000','2024-08-06 20:09:54.579000','System.User',NULL,844424931104974)
INSERT INTO "system$userroles" VALUES(844424931104974,5066549580792055)
COMMIT
DELETE FROM "system$xasinstance" WHERE "id"=1407374884551905
INSERT INTO "system$xasinstance" VALUES(1407374884551905,'24d450b1-fed4-4e62-b8b7-4445e680101d','2024-08-06 20:09:54.961000',NULL,NULL,NULL,'2024-08-06 20:09:52.099000')
COMMIT
DELETE FROM "system$queuedtask" WHERE "id"=7881299349450659
DELETE FROM "system$queuedtask" WHERE "id"=7881299349451000
DELETE FROM "system$queuedtask" WHERE "id"=7881299349450872
DELETE FROM "system$queuedtask" WHERE "id"=7881299349451032
DELETE FROM "system$queuedtask" WHERE "id"=7881299349451145
INSERT INTO "system$queuedtask" VALUES(7881299349450659,6515,'Running','59651013-f9bc-4fc1-b435-276439b07899','System.ScheduledEventsQueue','ScheduledEvent',NULL,NULL,'ClusterManagement-CleanupOfflineGUIDs','[]','24d450b1-fed4-4e62-b8b7-4445e680101d',48,'2024-08-06 20:06:56.255000','2024-08-06 20:09:55.096000','2024-08-06 20:09:55.623000',0,NULL,'ClusterManagement-CleanupOfflineGUIDs',NULL)
INSERT INTO "system$queuedtask" VALUES(7881299349451000,6516,'Running','59651013-f9bc-4fc1-b435-276439b07899','System.ScheduledEventsQueue','ScheduledEvent',NULL,NULL,'ClusterManagement-CleanupBackgroundJobs','[]','24d450b1-fed4-4e62-b8b7-4445e680101d',48,'2024-08-06 20:06:56.272000','2024-08-06 20:09:55.091000','2024-08-06 20:09:55.637000',0,NULL,'ClusterManagement-CleanupBackgroundJobs',NULL)
INSERT INTO "system$queuedtask" VALUES(7881299349450872,6517,'Running','59651013-f9bc-4fc1-b435-276439b07899','System.ScheduledEventsQueue','ScheduledEvent',NULL,NULL,'ClusterManagement-CleanupOfflineSyncHistory','[]','24d450b1-fed4-4e62-b8b7-4445e680101d',48,'2024-08-06 20:06:56.284000','2024-08-06 20:09:55.095000','2024-08-06 20:09:55.641000',0,NULL,'ClusterManagement-CleanupOfflineSyncHistory',NULL)
INSERT INTO "system$queuedtask" VALUES(7881299349451032,6518,'Running','59651013-f9bc-4fc1-b435-276439b07899','System.ScheduledEventsQueue','ScheduledEvent',NULL,NULL,'ClusterManagement-CleanupTmpDocuments','[]','24d450b1-fed4-4e62-b8b7-4445e680101d',48,'2024-08-06 20:06:56.284000','2024-08-06 20:09:55.095000','2024-08-06 20:09:55.643000',0,NULL,'ClusterManagement-CleanupTmpDocuments',NULL)
INSERT INTO "system$queuedtask" VALUES(7881299349451145,6519,'Running','59651013-f9bc-4fc1-b435-276439b07899','System.ScheduledEventsQueue','ScheduledEvent',NULL,NULL,'ClusterManagement-CleanupSessions','[]','24d450b1-fed4-4e62-b8b7-4445e680101d',48,'2024-08-06 20:06:56.848000','2024-08-06 20:09:55.095000','2024-08-06 20:09:55.646000',0,NULL,'ClusterManagement-CleanupSessions',NULL)
COMMIT
ALTER SEQUENCE PUBLIC."system$queuedtask_sequence_mxseq" RESTART WITH 6526
/*C2*/ALTER SEQUENCE PUBLIC."system$queuedtask_sequence_mxseq" RESTART WITH 6526
/*C3*/ALTER SEQUENCE PUBLIC."system$queuedtask_sequence_mxseq" RESTART WITH 6526
/*C6*/SET SCHEMA PUBLIC
DELETE FROM "mendixsystem$entityidentifier" WHERE "id"='eb5c32a1-85ec-49d1-8bca-ecca779cd539'
INSERT INTO "mendixsystem$entityidentifier" VALUES('eb5c32a1-85ec-49d1-8bca-ecca779cd539',40,12337)
COMMIT
ALTER SEQUENCE PUBLIC."system$queuedtask_sequence_mxseq" RESTART WITH 6528
/*C5*/SET SCHEMA PUBLIC
ALTER SEQUENCE PUBLIC."system$queuedtask_sequence_mxseq" RESTART WITH 6528
/*C6*/INSERT INTO "system$queuedtask" VALUES(7881299349463854,6527,'Idle','59651013-f9bc-4fc1-b435-276439b07899','System.ScheduledEventsQueue','ScheduledEvent',NULL,NULL,'ClusterManagement-CleanupSessions','[]',NULL,NULL,'2024-08-06 20:09:55.820000','2024-08-06 20:14:55.095000',NULL,0,NULL,'ClusterManagement-CleanupSessions',NULL)
INSERT INTO "system$processedqueuetask" VALUES(11258999069993158,6519,'Completed','59651013-f9bc-4fc1-b435-276439b07899','System.ScheduledEventsQueue','ScheduledEvent',NULL,NULL,'ClusterManagement-CleanupSessions','[]','24d450b1-fed4-4e62-b8b7-4445e680101d',48,'2024-08-06 20:06:56.848000','2024-08-06 20:09:55.095000','2024-08-06 20:09:55.646000','2024-08-06 20:09:55.828000',182,0,NULL,'ClusterManagement-CleanupSessions',NULL)
DELETE FROM "system$queuedtask" WHERE "id"=7881299349451145
COMMIT
/*C3*/INSERT INTO "system$queuedtask" VALUES(7881299349463756,6525,'Idle','59651013-f9bc-4fc1-b435-276439b07899','System.ScheduledEventsQueue','ScheduledEvent',NULL,NULL,'ClusterManagement-CleanupOfflineGUIDs','[]',NULL,NULL,'2024-08-06 20:09:55.762000','2024-08-06 20:14:55.096000',NULL,0,NULL,'ClusterManagement-CleanupOfflineGUIDs',NULL)
INSERT INTO "system$processedqueuetask" VALUES(11258999069992582,6515,'Completed','59651013-f9bc-4fc1-b435-276439b07899','System.ScheduledEventsQueue','ScheduledEvent',NULL,NULL,'ClusterManagement-CleanupOfflineGUIDs','[]','24d450b1-fed4-4e62-b8b7-4445e680101d',48,'2024-08-06 20:06:56.255000','2024-08-06 20:09:55.096000','2024-08-06 20:09:55.623000','2024-08-06 20:09:55.828000',205,0,NULL,'ClusterManagement-CleanupOfflineGUIDs',NULL)
DELETE FROM "system$queuedtask" WHERE "id"=7881299349450659
COMMIT
/*C2*/INSERT INTO "system$queuedtask" VALUES(7881299349463662,6523,'Idle','59651013-f9bc-4fc1-b435-276439b07899','System.ScheduledEventsQueue','ScheduledEvent',NULL,NULL,'ClusterManagement-CleanupBackgroundJobs','[]',NULL,NULL,'2024-08-06 20:09:55.761000','2024-08-06 20:14:55.091000',NULL,0,NULL,'ClusterManagement-CleanupBackgroundJobs',NULL)
INSERT INTO "system$processedqueuetask" VALUES(11258999069992721,6516,'Completed','59651013-f9bc-4fc1-b435-276439b07899','System.ScheduledEventsQueue','ScheduledEvent',NULL,NULL,'ClusterManagement-CleanupBackgroundJobs','[]','24d450b1-fed4-4e62-b8b7-4445e680101d',48,'2024-08-06 20:06:56.272000','2024-08-06 20:09:55.091000','2024-08-06 20:09:55.637000','2024-08-06 20:09:55.828000',191,0,NULL,'ClusterManagement-CleanupBackgroundJobs',NULL)
DELETE FROM "system$queuedtask" WHERE "id"=7881299349451000
COMMIT
/*C5*/INSERT INTO "system$queuedtask" VALUES(7881299349464001,6526,'Idle','59651013-f9bc-4fc1-b435-276439b07899','System.ScheduledEventsQueue','ScheduledEvent',NULL,NULL,'ClusterManagement-CleanupTmpDocuments','[]',NULL,NULL,'2024-08-06 20:09:55.820000','2024-08-06 20:14:55.095000',NULL,0,NULL,'ClusterManagement-CleanupTmpDocuments',NULL)
INSERT INTO "system$processedqueuetask" VALUES(11258999069993077,6518,'Completed','59651013-f9bc-4fc1-b435-276439b07899','System.ScheduledEventsQueue','ScheduledEvent',NULL,NULL,'ClusterManagement-CleanupTmpDocuments','[]','24d450b1-fed4-4e62-b8b7-4445e680101d',48,'2024-08-06 20:06:56.284000','2024-08-06 20:09:55.095000','2024-08-06 20:09:55.643000','2024-08-06 20:09:55.828000',185,0,NULL,'ClusterManagement-CleanupTmpDocuments',NULL)
DELETE FROM "system$queuedtask" WHERE "id"=7881299349451032
COMMIT
/*C4*/INSERT INTO "system$queuedtask" VALUES(7881299349463536,6524,'Idle','59651013-f9bc-4fc1-b435-276439b07899','System.ScheduledEventsQueue','ScheduledEvent',NULL,NULL,'ClusterManagement-CleanupOfflineSyncHistory','[]',NULL,NULL,'2024-08-06 20:09:55.761000','2024-08-06 20:14:55.095000',NULL,0,NULL,'ClusterManagement-CleanupOfflineSyncHistory',NULL)
INSERT INTO "system$processedqueuetask" VALUES(11258999069992943,6517,'Completed','59651013-f9bc-4fc1-b435-276439b07899','System.ScheduledEventsQueue','ScheduledEvent',NULL,NULL,'ClusterManagement-CleanupOfflineSyncHistory','[]','24d450b1-fed4-4e62-b8b7-4445e680101d',48,'2024-08-06 20:06:56.284000','2024-08-06 20:09:55.095000','2024-08-06 20:09:55.641000','2024-08-06 20:09:55.828000',187,0,NULL,'ClusterManagement-CleanupOfflineSyncHistory',NULL)
DELETE FROM "system$queuedtask" WHERE "id"=7881299349450872
COMMIT
DELETE FROM "system$queuedtask" WHERE "id"=7881299349451323
DELETE FROM "system$queuedtask" WHERE "id"=7881299349463403
INSERT INTO "system$queuedtask" VALUES(7881299349451323,6520,'Running','59651013-f9bc-4fc1-b435-276439b07899','System.ScheduledEventsQueue','ScheduledEvent',NULL,NULL,'ClusterManagement-UnblockUsers','[]','24d450b1-fed4-4e62-b8b7-4445e680101d',48,'2024-08-06 20:06:58.658000','2024-08-06 20:09:59.096000','2024-08-06 20:09:59.967000',0,NULL,'ClusterManagement-UnblockUsers',NULL)
INSERT INTO "system$queuedtask" VALUES(7881299349463403,6522,'Running','59651013-f9bc-4fc1-b435-276439b07899','System.ScheduledEventsQueue','System',NULL,NULL,'ClusterManagement-PopulateFileDocumentSizes','[]','24d450b1-fed4-4e62-b8b7-4445e680101d',48,'2024-08-06 20:09:54.040000','2024-08-06 20:09:59.001000','2024-08-06 20:09:59.970000',0,'{"interval":3600000,"triesLeft":12,"type":"fixed"}',NULL,NULL)
COMMIT
/*C5*/ALTER SEQUENCE PUBLIC."system$queuedtask_sequence_mxseq" RESTART WITH 6529
/*C4*/INSERT INTO "system$processedqueuetask" VALUES(11258999069993333,6522,'Completed','59651013-f9bc-4fc1-b435-276439b07899','System.ScheduledEventsQueue','System',NULL,NULL,'ClusterManagement-PopulateFileDocumentSizes','[]','24d450b1-fed4-4e62-b8b7-4445e680101d',48,'2024-08-06 20:09:54.040000','2024-08-06 20:09:59.001000','2024-08-06 20:09:59.970000','2024-08-06 20:09:59.996000',26,0,NULL,NULL,NULL)
DELETE FROM "system$queuedtask" WHERE "id"=7881299349463403
COMMIT
/*C5*/INSERT INTO "system$queuedtask" VALUES(7881299349464191,6528,'Idle','59651013-f9bc-4fc1-b435-276439b07899','System.ScheduledEventsQueue','ScheduledEvent',NULL,NULL,'ClusterManagement-UnblockUsers','[]',NULL,NULL,'2024-08-06 20:09:59.999000','2024-08-06 20:14:59.096000',NULL,0,NULL,'ClusterManagement-UnblockUsers',NULL)
INSERT INTO "system$processedqueuetask" VALUES(11258999069993467,6520,'Completed','59651013-f9bc-4fc1-b435-276439b07899','System.ScheduledEventsQueue','ScheduledEvent',NULL,NULL,'ClusterManagement-UnblockUsers','[]','24d450b1-fed4-4e62-b8b7-4445e680101d',48,'2024-08-06 20:06:58.658000','2024-08-06 20:09:59.096000','2024-08-06 20:09:59.967000','2024-08-06 20:10:00.004000',37,0,NULL,'ClusterManagement-UnblockUsers',NULL)
DELETE FROM "system$queuedtask" WHERE "id"=7881299349451323
COMMIT
